============================================================================================== 
Warning! Mixing Conda and module environments may lead to corruption of the
user environment. 
We do not recommend users mixing those two environments unless absolutely
necessary. Note that 
SURF does not provide any support for Conda environment.
For more information, please refer to our software policy page:
https://servicedesk.surf.nl/wiki/display/WIKI/Software+policy+Snellius+and+Lisa#SoftwarepolicySnelliusandLisa-UseofAnacondaandMinicondaenvironmentsonSnellius 

Remember that many packages have already been installed on the system and can
be loaded using 
the 'module load <package__name>' command. If you are uncertain if a package is
already available 
on the system, please use 'module avail' or 'module spider' to search for it.
============================================================================================== 
Processing /gpfs/home5/igardner/DIG_FACT/DIG
  Preparing metadata (setup.py): started
  Preparing metadata (setup.py): finished with status 'done'
Collecting scipy (from dive_into_graphs==1.0.0)
  Using cached scipy-1.10.1-cp38-cp38-manylinux_2_17_x86_64.manylinux2014_x86_64.whl (34.5 MB)
Collecting cilog (from dive_into_graphs==1.0.0)
  Using cached cilog-1.3.0-py3-none-any.whl (14 kB)
Collecting typed-argument-parser==1.7.2 (from dive_into_graphs==1.0.0)
  Using cached typed_argument_parser-1.7.2-py3-none-any.whl
Collecting captum==0.2.0 (from dive_into_graphs==1.0.0)
  Using cached captum-0.2.0-py3-none-any.whl (1.4 MB)
Collecting munch (from dive_into_graphs==1.0.0)
  Using cached munch-4.0.0-py2.py3-none-any.whl.metadata (5.9 kB)
Collecting gdown (from dive_into_graphs==1.0.0)
  Using cached gdown-4.7.1-py3-none-any.whl (15 kB)
Collecting shap (from dive_into_graphs==1.0.0)
  Using cached shap-0.44.0-cp38-cp38-manylinux_2_12_x86_64.manylinux2010_x86_64.manylinux_2_17_x86_64.manylinux2014_x86_64.whl.metadata (24 kB)
Collecting IPython (from dive_into_graphs==1.0.0)
  Using cached ipython-8.12.3-py3-none-any.whl.metadata (5.7 kB)
Collecting tqdm (from dive_into_graphs==1.0.0)
  Using cached tqdm-4.66.1-py3-none-any.whl.metadata (57 kB)
Collecting rdkit-pypi (from dive_into_graphs==1.0.0)
  Using cached rdkit_pypi-2022.9.5-cp38-cp38-manylinux_2_17_x86_64.manylinux2014_x86_64.whl (29.4 MB)
Collecting pandas (from dive_into_graphs==1.0.0)
  Using cached pandas-2.0.3-cp38-cp38-manylinux_2_17_x86_64.manylinux2014_x86_64.whl.metadata (18 kB)
Requirement already satisfied: sympy in /gpfs/home5/igardner/thesis/env/fact_env/lib/python3.8/site-packages (from dive_into_graphs==1.0.0) (1.12)
Collecting pyscf>=1.7.6 (from dive_into_graphs==1.0.0)
  Using cached pyscf-2.4.0-py3-none-manylinux_2_17_x86_64.manylinux2014_x86_64.whl.metadata (3.1 kB)
Collecting hydra-core (from dive_into_graphs==1.0.0)
  Using cached hydra_core-1.3.2-py3-none-any.whl (154 kB)
Collecting matplotlib (from captum==0.2.0->dive_into_graphs==1.0.0)
  Using cached matplotlib-3.7.4-cp38-cp38-manylinux_2_12_x86_64.manylinux2010_x86_64.whl.metadata (5.7 kB)
Requirement already satisfied: numpy in /gpfs/home5/igardner/thesis/env/fact_env/lib/python3.8/site-packages (from captum==0.2.0->dive_into_graphs==1.0.0) (1.24.3)
Requirement already satisfied: torch>=1.2 in /gpfs/home5/igardner/thesis/env/fact_env/lib/python3.8/site-packages (from captum==0.2.0->dive_into_graphs==1.0.0) (2.1.2)
Requirement already satisfied: typing-extensions>=3.7.4 in /gpfs/home5/igardner/thesis/env/fact_env/lib/python3.8/site-packages (from typed-argument-parser==1.7.2->dive_into_graphs==1.0.0) (4.9.0)
Collecting typing-inspect>=0.7.1 (from typed-argument-parser==1.7.2->dive_into_graphs==1.0.0)
  Using cached typing_inspect-0.9.0-py3-none-any.whl.metadata (1.5 kB)
Collecting h5py>=2.7 (from pyscf>=1.7.6->dive_into_graphs==1.0.0)
  Using cached h5py-3.10.0-cp38-cp38-manylinux_2_17_x86_64.manylinux2014_x86_64.whl.metadata (2.5 kB)
Requirement already satisfied: setuptools in /gpfs/home5/igardner/thesis/env/fact_env/lib/python3.8/site-packages (from pyscf>=1.7.6->dive_into_graphs==1.0.0) (69.0.3)
Collecting tabulate (from cilog->dive_into_graphs==1.0.0)
  Using cached tabulate-0.9.0-py3-none-any.whl (35 kB)
Collecting openpyxl (from cilog->dive_into_graphs==1.0.0)
  Using cached openpyxl-3.1.2-py2.py3-none-any.whl (249 kB)
Requirement already satisfied: filelock in /gpfs/home5/igardner/thesis/env/fact_env/lib/python3.8/site-packages (from gdown->dive_into_graphs==1.0.0) (3.13.1)
Requirement already satisfied: requests[socks] in /gpfs/home5/igardner/thesis/env/fact_env/lib/python3.8/site-packages (from gdown->dive_into_graphs==1.0.0) (2.31.0)
Requirement already satisfied: six in /gpfs/home5/igardner/thesis/env/fact_env/lib/python3.8/site-packages (from gdown->dive_into_graphs==1.0.0) (1.16.0)
Collecting beautifulsoup4 (from gdown->dive_into_graphs==1.0.0)
  Using cached beautifulsoup4-4.12.2-py3-none-any.whl (142 kB)
Collecting omegaconf<2.4,>=2.2 (from hydra-core->dive_into_graphs==1.0.0)
  Using cached omegaconf-2.3.0-py3-none-any.whl (79 kB)
Collecting antlr4-python3-runtime==4.9.* (from hydra-core->dive_into_graphs==1.0.0)
  Using cached antlr4_python3_runtime-4.9.3-py3-none-any.whl
Collecting packaging (from hydra-core->dive_into_graphs==1.0.0)
  Using cached packaging-23.2-py3-none-any.whl.metadata (3.2 kB)
Collecting importlib-resources (from hydra-core->dive_into_graphs==1.0.0)
  Using cached importlib_resources-6.1.1-py3-none-any.whl.metadata (4.1 kB)
Collecting backcall (from IPython->dive_into_graphs==1.0.0)
  Using cached backcall-0.2.0-py2.py3-none-any.whl (11 kB)
Collecting decorator (from IPython->dive_into_graphs==1.0.0)
  Using cached decorator-5.1.1-py3-none-any.whl (9.1 kB)
Collecting jedi>=0.16 (from IPython->dive_into_graphs==1.0.0)
  Using cached jedi-0.19.1-py2.py3-none-any.whl.metadata (22 kB)
Collecting matplotlib-inline (from IPython->dive_into_graphs==1.0.0)
  Using cached matplotlib_inline-0.1.6-py3-none-any.whl (9.4 kB)
Collecting pickleshare (from IPython->dive_into_graphs==1.0.0)
  Using cached pickleshare-0.7.5-py2.py3-none-any.whl (6.9 kB)
Collecting prompt-toolkit!=3.0.37,<3.1.0,>=3.0.30 (from IPython->dive_into_graphs==1.0.0)
  Using cached prompt_toolkit-3.0.43-py3-none-any.whl.metadata (6.5 kB)
Collecting pygments>=2.4.0 (from IPython->dive_into_graphs==1.0.0)
  Using cached pygments-2.17.2-py3-none-any.whl.metadata (2.6 kB)
Collecting stack-data (from IPython->dive_into_graphs==1.0.0)
  Using cached stack_data-0.6.3-py3-none-any.whl.metadata (18 kB)
Collecting traitlets>=5 (from IPython->dive_into_graphs==1.0.0)
  Using cached traitlets-5.14.1-py3-none-any.whl.metadata (10 kB)
Collecting pexpect>4.3 (from IPython->dive_into_graphs==1.0.0)
  Using cached pexpect-4.9.0-py2.py3-none-any.whl.metadata (2.5 kB)
Collecting python-dateutil>=2.8.2 (from pandas->dive_into_graphs==1.0.0)
  Using cached python_dateutil-2.8.2-py2.py3-none-any.whl (247 kB)
Collecting pytz>=2020.1 (from pandas->dive_into_graphs==1.0.0)
  Using cached pytz-2023.3.post1-py2.py3-none-any.whl.metadata (22 kB)
Collecting tzdata>=2022.1 (from pandas->dive_into_graphs==1.0.0)
  Using cached tzdata-2023.4-py2.py3-none-any.whl.metadata (1.4 kB)
Requirement already satisfied: Pillow in /gpfs/home5/igardner/thesis/env/fact_env/lib/python3.8/site-packages (from rdkit-pypi->dive_into_graphs==1.0.0) (9.4.0)
Collecting scikit-learn (from shap->dive_into_graphs==1.0.0)
  Using cached scikit_learn-1.3.2-cp38-cp38-manylinux_2_17_x86_64.manylinux2014_x86_64.whl.metadata (11 kB)
Collecting slicer==0.0.7 (from shap->dive_into_graphs==1.0.0)
  Using cached slicer-0.0.7-py3-none-any.whl (14 kB)
Collecting numba (from shap->dive_into_graphs==1.0.0)
  Using cached numba-0.58.1-cp38-cp38-manylinux2014_x86_64.manylinux_2_17_x86_64.whl.metadata (2.7 kB)
Collecting cloudpickle (from shap->dive_into_graphs==1.0.0)
  Using cached cloudpickle-3.0.0-py3-none-any.whl.metadata (7.0 kB)
Requirement already satisfied: mpmath>=0.19 in /gpfs/home5/igardner/thesis/env/fact_env/lib/python3.8/site-packages (from sympy->dive_into_graphs==1.0.0) (1.3.0)
Collecting parso<0.9.0,>=0.8.3 (from jedi>=0.16->IPython->dive_into_graphs==1.0.0)
  Using cached parso-0.8.3-py2.py3-none-any.whl (100 kB)
Requirement already satisfied: PyYAML>=5.1.0 in /gpfs/home5/igardner/thesis/env/fact_env/lib/python3.8/site-packages (from omegaconf<2.4,>=2.2->hydra-core->dive_into_graphs==1.0.0) (6.0.1)
Collecting ptyprocess>=0.5 (from pexpect>4.3->IPython->dive_into_graphs==1.0.0)
  Using cached ptyprocess-0.7.0-py2.py3-none-any.whl (13 kB)
Collecting wcwidth (from prompt-toolkit!=3.0.37,<3.1.0,>=3.0.30->IPython->dive_into_graphs==1.0.0)
  Using cached wcwidth-0.2.13-py2.py3-none-any.whl.metadata (14 kB)
Requirement already satisfied: networkx in /gpfs/home5/igardner/thesis/env/fact_env/lib/python3.8/site-packages (from torch>=1.2->captum==0.2.0->dive_into_graphs==1.0.0) (3.1)
Requirement already satisfied: jinja2 in /gpfs/home5/igardner/thesis/env/fact_env/lib/python3.8/site-packages (from torch>=1.2->captum==0.2.0->dive_into_graphs==1.0.0) (3.1.3)
Collecting fsspec (from torch>=1.2->captum==0.2.0->dive_into_graphs==1.0.0)
  Using cached fsspec-2023.12.2-py3-none-any.whl.metadata (6.8 kB)
Collecting mypy-extensions>=0.3.0 (from typing-inspect>=0.7.1->typed-argument-parser==1.7.2->dive_into_graphs==1.0.0)
  Using cached mypy_extensions-1.0.0-py3-none-any.whl (4.7 kB)
Collecting soupsieve>1.2 (from beautifulsoup4->gdown->dive_into_graphs==1.0.0)
  Using cached soupsieve-2.5-py3-none-any.whl.metadata (4.7 kB)
Collecting zipp>=3.1.0 (from importlib-resources->hydra-core->dive_into_graphs==1.0.0)
  Using cached zipp-3.17.0-py3-none-any.whl.metadata (3.7 kB)
Collecting contourpy>=1.0.1 (from matplotlib->captum==0.2.0->dive_into_graphs==1.0.0)
  Using cached contourpy-1.1.1-cp38-cp38-manylinux_2_17_x86_64.manylinux2014_x86_64.whl.metadata (5.9 kB)
Collecting cycler>=0.10 (from matplotlib->captum==0.2.0->dive_into_graphs==1.0.0)
  Using cached cycler-0.12.1-py3-none-any.whl.metadata (3.8 kB)
Collecting fonttools>=4.22.0 (from matplotlib->captum==0.2.0->dive_into_graphs==1.0.0)
  Using cached fonttools-4.47.2-cp38-cp38-manylinux_2_17_x86_64.manylinux2014_x86_64.whl.metadata (157 kB)
Collecting kiwisolver>=1.0.1 (from matplotlib->captum==0.2.0->dive_into_graphs==1.0.0)
  Using cached kiwisolver-1.4.5-cp38-cp38-manylinux_2_5_x86_64.manylinux1_x86_64.whl.metadata (6.4 kB)
Collecting pyparsing>=2.3.1 (from matplotlib->captum==0.2.0->dive_into_graphs==1.0.0)
  Using cached pyparsing-3.1.1-py3-none-any.whl.metadata (5.1 kB)
Collecting llvmlite<0.42,>=0.41.0dev0 (from numba->shap->dive_into_graphs==1.0.0)
  Using cached llvmlite-0.41.1-cp38-cp38-manylinux_2_17_x86_64.manylinux2014_x86_64.whl.metadata (4.8 kB)
Collecting importlib-metadata (from numba->shap->dive_into_graphs==1.0.0)
  Using cached importlib_metadata-7.0.1-py3-none-any.whl.metadata (4.9 kB)
Collecting et-xmlfile (from openpyxl->cilog->dive_into_graphs==1.0.0)
  Using cached et_xmlfile-1.1.0-py3-none-any.whl (4.7 kB)
Requirement already satisfied: charset-normalizer<4,>=2 in /gpfs/home5/igardner/thesis/env/fact_env/lib/python3.8/site-packages (from requests[socks]->gdown->dive_into_graphs==1.0.0) (3.3.2)
Requirement already satisfied: idna<4,>=2.5 in /gpfs/home5/igardner/thesis/env/fact_env/lib/python3.8/site-packages (from requests[socks]->gdown->dive_into_graphs==1.0.0) (3.6)
Requirement already satisfied: urllib3<3,>=1.21.1 in /gpfs/home5/igardner/thesis/env/fact_env/lib/python3.8/site-packages (from requests[socks]->gdown->dive_into_graphs==1.0.0) (2.1.0)
Requirement already satisfied: certifi>=2017.4.17 in /gpfs/home5/igardner/thesis/env/fact_env/lib/python3.8/site-packages (from requests[socks]->gdown->dive_into_graphs==1.0.0) (2023.11.17)
Requirement already satisfied: PySocks!=1.5.7,>=1.5.6 in /gpfs/home5/igardner/thesis/env/fact_env/lib/python3.8/site-packages (from requests[socks]->gdown->dive_into_graphs==1.0.0) (1.7.1)
Collecting joblib>=1.1.1 (from scikit-learn->shap->dive_into_graphs==1.0.0)
  Using cached joblib-1.3.2-py3-none-any.whl.metadata (5.4 kB)
Collecting threadpoolctl>=2.0.0 (from scikit-learn->shap->dive_into_graphs==1.0.0)
  Using cached threadpoolctl-3.2.0-py3-none-any.whl.metadata (10.0 kB)
Collecting executing>=1.2.0 (from stack-data->IPython->dive_into_graphs==1.0.0)
  Using cached executing-2.0.1-py2.py3-none-any.whl.metadata (9.0 kB)
Collecting asttokens>=2.1.0 (from stack-data->IPython->dive_into_graphs==1.0.0)
  Using cached asttokens-2.4.1-py2.py3-none-any.whl.metadata (5.2 kB)
Collecting pure-eval (from stack-data->IPython->dive_into_graphs==1.0.0)
  Using cached pure_eval-0.2.2-py3-none-any.whl (11 kB)
Requirement already satisfied: MarkupSafe>=2.0 in /gpfs/home5/igardner/thesis/env/fact_env/lib/python3.8/site-packages (from jinja2->torch>=1.2->captum==0.2.0->dive_into_graphs==1.0.0) (2.1.3)
Using cached pyscf-2.4.0-py3-none-manylinux_2_17_x86_64.manylinux2014_x86_64.whl (47.3 MB)
Using cached ipython-8.12.3-py3-none-any.whl (798 kB)
Using cached munch-4.0.0-py2.py3-none-any.whl (9.9 kB)
Using cached pandas-2.0.3-cp38-cp38-manylinux_2_17_x86_64.manylinux2014_x86_64.whl (12.4 MB)
Using cached shap-0.44.0-cp38-cp38-manylinux_2_12_x86_64.manylinux2010_x86_64.manylinux_2_17_x86_64.manylinux2014_x86_64.whl (536 kB)
Using cached tqdm-4.66.1-py3-none-any.whl (78 kB)
Using cached h5py-3.10.0-cp38-cp38-manylinux_2_17_x86_64.manylinux2014_x86_64.whl (4.8 MB)
Using cached jedi-0.19.1-py2.py3-none-any.whl (1.6 MB)
Using cached packaging-23.2-py3-none-any.whl (53 kB)
Using cached pexpect-4.9.0-py2.py3-none-any.whl (63 kB)
Using cached prompt_toolkit-3.0.43-py3-none-any.whl (386 kB)
Using cached pygments-2.17.2-py3-none-any.whl (1.2 MB)
Using cached pytz-2023.3.post1-py2.py3-none-any.whl (502 kB)
Using cached traitlets-5.14.1-py3-none-any.whl (85 kB)
Using cached typing_inspect-0.9.0-py3-none-any.whl (8.8 kB)
Using cached tzdata-2023.4-py2.py3-none-any.whl (346 kB)
Using cached cloudpickle-3.0.0-py3-none-any.whl (20 kB)
Using cached importlib_resources-6.1.1-py3-none-any.whl (33 kB)
Using cached matplotlib-3.7.4-cp38-cp38-manylinux_2_12_x86_64.manylinux2010_x86_64.whl (9.2 MB)
Using cached numba-0.58.1-cp38-cp38-manylinux2014_x86_64.manylinux_2_17_x86_64.whl (3.7 MB)
Using cached scikit_learn-1.3.2-cp38-cp38-manylinux_2_17_x86_64.manylinux2014_x86_64.whl (11.1 MB)
Using cached stack_data-0.6.3-py3-none-any.whl (24 kB)
Using cached asttokens-2.4.1-py2.py3-none-any.whl (27 kB)
Using cached contourpy-1.1.1-cp38-cp38-manylinux_2_17_x86_64.manylinux2014_x86_64.whl (301 kB)
Using cached cycler-0.12.1-py3-none-any.whl (8.3 kB)
Using cached executing-2.0.1-py2.py3-none-any.whl (24 kB)
Using cached fonttools-4.47.2-cp38-cp38-manylinux_2_17_x86_64.manylinux2014_x86_64.whl (4.7 MB)
Using cached joblib-1.3.2-py3-none-any.whl (302 kB)
Using cached kiwisolver-1.4.5-cp38-cp38-manylinux_2_5_x86_64.manylinux1_x86_64.whl (1.2 MB)
Using cached llvmlite-0.41.1-cp38-cp38-manylinux_2_17_x86_64.manylinux2014_x86_64.whl (43.6 MB)
Using cached pyparsing-3.1.1-py3-none-any.whl (103 kB)
Using cached soupsieve-2.5-py3-none-any.whl (36 kB)
Using cached threadpoolctl-3.2.0-py3-none-any.whl (15 kB)
Using cached zipp-3.17.0-py3-none-any.whl (7.4 kB)
Using cached fsspec-2023.12.2-py3-none-any.whl (168 kB)
Using cached importlib_metadata-7.0.1-py3-none-any.whl (23 kB)
Using cached wcwidth-0.2.13-py2.py3-none-any.whl (34 kB)
Building wheels for collected packages: dive_into_graphs
  Building wheel for dive_into_graphs (setup.py): started
  Building wheel for dive_into_graphs (setup.py): finished with status 'done'
  Created wheel for dive_into_graphs: filename=dive_into_graphs-1.0.0-py3-none-any.whl size=4295325 sha256=4b0b40a90d4cbc1d1ac916711d965ae5cacb19bbaf52f2c22d287a7a6e0bbdfc
  Stored in directory: /gpfs/scratch1/nodespecific/gcn29/igardner.4854282/pip-ephem-wheel-cache-1r_xn6y8/wheels/bb/66/64/bc49ebb6c2dddeec7270e0a46985fb5459699af2b93b05b233
Successfully built dive_into_graphs
Installing collected packages: wcwidth, pytz, pure-eval, ptyprocess, pickleshare, backcall, antlr4-python3-runtime, zipp, tzdata, traitlets, tqdm, threadpoolctl, tabulate, soupsieve, slicer, scipy, rdkit-pypi, python-dateutil, pyparsing, pygments, prompt-toolkit, pexpect, parso, packaging, omegaconf, mypy-extensions, munch, llvmlite, kiwisolver, joblib, h5py, fsspec, fonttools, executing, et-xmlfile, decorator, cycler, contourpy, cloudpickle, asttokens, typing-inspect, stack-data, scikit-learn, pyscf, pandas, openpyxl, matplotlib-inline, jedi, importlib-resources, importlib-metadata, beautifulsoup4, typed-argument-parser, numba, matplotlib, IPython, hydra-core, gdown, cilog, shap, captum, dive_into_graphs
Successfully installed IPython-8.12.3 antlr4-python3-runtime-4.9.3 asttokens-2.4.1 backcall-0.2.0 beautifulsoup4-4.12.2 captum-0.2.0 cilog-1.3.0 cloudpickle-3.0.0 contourpy-1.1.1 cycler-0.12.1 decorator-5.1.1 dive_into_graphs-1.0.0 et-xmlfile-1.1.0 executing-2.0.1 fonttools-4.47.2 fsspec-2023.12.2 gdown-4.7.1 h5py-3.10.0 hydra-core-1.3.2 importlib-metadata-7.0.1 importlib-resources-6.1.1 jedi-0.19.1 joblib-1.3.2 kiwisolver-1.4.5 llvmlite-0.41.1 matplotlib-3.7.4 matplotlib-inline-0.1.6 munch-4.0.0 mypy-extensions-1.0.0 numba-0.58.1 omegaconf-2.3.0 openpyxl-3.1.2 packaging-23.2 pandas-2.0.3 parso-0.8.3 pexpect-4.9.0 pickleshare-0.7.5 prompt-toolkit-3.0.43 ptyprocess-0.7.0 pure-eval-0.2.2 pygments-2.17.2 pyparsing-3.1.1 pyscf-2.4.0 python-dateutil-2.8.2 pytz-2023.3.post1 rdkit-pypi-2022.9.5 scikit-learn-1.3.2 scipy-1.10.1 shap-0.44.0 slicer-0.0.7 soupsieve-2.5 stack-data-0.6.3 tabulate-0.9.0 threadpoolctl-3.2.0 tqdm-4.66.1 traitlets-5.14.1 typed-argument-parser-1.7.2 typing-inspect-0.9.0 tzdata-2023.4 wcwidth-0.2.13 zipp-3.17.0

JOB STATISTICS
==============
Job ID: 4854282
Cluster: snellius
User/Group: igardner/igardner
State: RUNNING
Nodes: 1
Cores per node: 18
CPU Utilized: 00:00:00
CPU Efficiency: 0.00% of 00:13:48 core-walltime
Job Wall-clock time: 00:00:46
Memory Utilized: 0.00 MB (estimated maximum)
Memory Efficiency: 0.00% of 120.00 GB (120.00 GB/node)
WARNING: Efficiency statistics may be misleading for RUNNING jobs.
